# JRE version: Java(TM) SE Runtime Environment (8.0_111-b14) (build 1.8.0_111-b14)
# Java VM: Java HotSpot(TM) 64-Bit Server VM (25.111-b14 mixed mode windows-amd64 compressed oops)
Heap:
 PSYoungGen      total 271360K, used 24133K [0x00000000d5f00000, 0x00000000e7e80000, 0x0000000100000000)
  eden space 256000K, 9% used [0x00000000d5f00000,0x00000000d76914a0,0x00000000e5900000)
  from space 15360K, 0% used [0x00000000e6b00000,0x00000000e6b00000,0x00000000e7a00000)
  to   space 18432K, 0% used [0x00000000e5900000,0x00000000e5900000,0x00000000e6b00000)
 ParOldGen       total 114176K, used 27933K [0x0000000081c00000, 0x0000000088b80000, 0x00000000d5f00000)
  object space 114176K, 24% used [0x0000000081c00000,0x00000000837476e0,0x0000000088b80000)
 Metaspace       used 56792K, capacity 60304K, committed 60544K, reserved 1101824K
  class space    used 7887K, capacity 8476K, committed 8576K, reserved 1048576K
GC Heap History (10 events):
Event: 11.189 GC heap before
{Heap before GC invocations=9 (full 1):
 PSYoungGen      total 137728K, used 29396K [0x00000000d5f00000, 0x00000000e3700000, 0x0000000100000000)
  eden space 128000K, 15% used [0x00000000d5f00000,0x00000000d7239b80,0x00000000ddc00000)
  from space 9728K, 99% used [0x00000000ddc00000,0x00000000de57b6c8,0x00000000de580000)
  to   space 12800K, 0% used [0x00000000e2a80000,0x00000000e2a80000,0x00000000e3700000)
 ParOldGen       total 52736K, used 11571K [0x0000000081c00000, 0x0000000084f80000, 0x00000000d5f00000)
  object space 52736K, 21% used [0x0000000081c00000,0x000000008274cf90,0x0000000084f80000)
 Metaspace       used 33220K, capacity 35384K, committed 35496K, reserved 1079296K
  class space    used 4415K, capacity 4821K, committed 4864K, reserved 1048576K
Event: 11.197 GC heap after
Heap after GC invocations=9 (full 1):
 PSYoungGen      total 207872K, used 8863K [0x00000000d5f00000, 0x00000000e4780000, 0x0000000100000000)
  eden space 195072K, 0% used [0x00000000d5f00000,0x00000000d5f00000,0x00000000e1d80000)
  from space 12800K, 69% used [0x00000000e2a80000,0x00000000e3327e98,0x00000000e3700000)
  to   space 13312K, 0% used [0x00000000e1d80000,0x00000000e1d80000,0x00000000e2a80000)
 ParOldGen       total 52736K, used 11579K [0x0000000081c00000, 0x0000000084f80000, 0x00000000d5f00000)
  object space 52736K, 21% used [0x0000000081c00000,0x000000008274ef90,0x0000000084f80000)
 Metaspace       used 33220K, capacity 35384K, committed 35496K, reserved 1079296K
  class space    used 4415K, capacity 4821K, committed 4864K, reserved 1048576K
}
Event: 11.197 GC heap before
{Heap before GC invocations=10 (full 2):
 PSYoungGen      total 207872K, used 8863K [0x00000000d5f00000, 0x00000000e4780000, 0x0000000100000000)
  eden space 195072K, 0% used [0x00000000d5f00000,0x00000000d5f00000,0x00000000e1d80000)
  from space 12800K, 69% used [0x00000000e2a80000,0x00000000e3327e98,0x00000000e3700000)
  to   space 13312K, 0% used [0x00000000e1d80000,0x00000000e1d80000,0x00000000e2a80000)
 ParOldGen       total 52736K, used 11579K [0x0000000081c00000, 0x0000000084f80000, 0x00000000d5f00000)
  object space 52736K, 21% used [0x0000000081c00000,0x000000008274ef90,0x0000000084f80000)
 Metaspace       used 33220K, capacity 35384K, committed 35496K, reserved 1079296K
  class space    used 4415K, capacity 4821K, committed 4864K, reserved 1048576K
Event: 11.276 GC heap after
Heap after GC invocations=10 (full 2):
 PSYoungGen      total 207872K, used 0K [0x00000000d5f00000, 0x00000000e4780000, 0x0000000100000000)
  eden space 195072K, 0% used [0x00000000d5f00000,0x00000000d5f00000,0x00000000e1d80000)
  from space 12800K, 0% used [0x00000000e2a80000,0x00000000e2a80000,0x00000000e3700000)
  to   space 13312K, 0% used [0x00000000e1d80000,0x00000000e1d80000,0x00000000e2a80000)
 ParOldGen       total 75776K, used 12796K [0x0000000081c00000, 0x0000000086600000, 0x00000000d5f00000)
  object space 75776K, 16% used [0x0000000081c00000,0x000000008287f078,0x0000000086600000)
 Metaspace       used 33220K, capacity 35384K, committed 35496K, reserved 1079296K
  class space    used 4415K, capacity 4821K, committed 4864K, reserved 1048576K
}
Event: 14.118 GC heap before
{Heap before GC invocations=11 (full 2):
 PSYoungGen      total 207872K, used 195072K [0x00000000d5f00000, 0x00000000e4780000, 0x0000000100000000)
  eden space 195072K, 100% used [0x00000000d5f00000,0x00000000e1d80000,0x00000000e1d80000)
  from space 12800K, 0% used [0x00000000e2a80000,0x00000000e2a80000,0x00000000e3700000)
  to   space 13312K, 0% used [0x00000000e1d80000,0x00000000e1d80000,0x00000000e2a80000)
 ParOldGen       total 75776K, used 12796K [0x0000000081c00000, 0x0000000086600000, 0x00000000d5f00000)
  object space 75776K, 16% used [0x0000000081c00000,0x000000008287f078,0x0000000086600000)
 Metaspace       used 44319K, capacity 46842K, committed 46976K, reserved 1089536K
  class space    used 6073K, capacity 6505K, committed 6528K, reserved 1048576K
Event: 14.136 GC heap after
Heap after GC invocations=11 (full 2):
 PSYoungGen      total 208384K, used 13297K [0x00000000d5f00000, 0x00000000e7a00000, 0x0000000100000000)
  eden space 195072K, 0% used [0x00000000d5f00000,0x00000000d5f00000,0x00000000e1d80000)
  from space 13312K, 99% used [0x00000000e1d80000,0x00000000e2a7c4e0,0x00000000e2a80000)
  to   space 15360K, 0% used [0x00000000e6b00000,0x00000000e6b00000,0x00000000e7a00000)
 ParOldGen       total 75776K, used 13435K [0x0000000081c00000, 0x0000000086600000, 0x00000000d5f00000)
  object space 75776K, 17% used [0x0000000081c00000,0x000000008291ef30,0x0000000086600000)
 Metaspace       used 44319K, capacity 46842K, committed 46976K, reserved 1089536K
  class space    used 6073K, capacity 6505K, committed 6528K, reserved 1048576K
}
Event: 16.246 GC heap before
{Heap before GC invocations=12 (full 2):
 PSYoungGen      total 208384K, used 151417K [0x00000000d5f00000, 0x00000000e7a00000, 0x0000000100000000)
  eden space 195072K, 70% used [0x00000000d5f00000,0x00000000de5e21b0,0x00000000e1d80000)
  from space 13312K, 99% used [0x00000000e1d80000,0x00000000e2a7c4e0,0x00000000e2a80000)
  to   space 15360K, 0% used [0x00000000e6b00000,0x00000000e6b00000,0x00000000e7a00000)
 ParOldGen       total 75776K, used 13435K [0x0000000081c00000, 0x0000000086600000, 0x00000000d5f00000)
  object space 75776K, 17% used [0x0000000081c00000,0x000000008291ef30,0x0000000086600000)
 Metaspace       used 55729K, capacity 59122K, committed 59160K, reserved 1099776K
  class space    used 7704K, capacity 8287K, committed 8320K, reserved 1048576K
Event: 16.266 GC heap after
Heap after GC invocations=12 (full 2):
 PSYoungGen      total 271360K, used 15352K [0x00000000d5f00000, 0x00000000e7e80000, 0x0000000100000000)
  eden space 256000K, 0% used [0x00000000d5f00000,0x00000000d5f00000,0x00000000e5900000)
  from space 15360K, 99% used [0x00000000e6b00000,0x00000000e79fe1e0,0x00000000e7a00000)
  to   space 18432K, 0% used [0x00000000e5900000,0x00000000e5900000,0x00000000e6b00000)
 ParOldGen       total 75776K, used 15435K [0x0000000081c00000, 0x0000000086600000, 0x00000000d5f00000)
  object space 75776K, 20% used [0x0000000081c00000,0x0000000082b12e20,0x0000000086600000)
 Metaspace       used 55729K, capacity 59122K, committed 59160K, reserved 1099776K
  class space    used 7704K, capacity 8287K, committed 8320K, reserved 1048576K
}
Event: 16.266 GC heap before
{Heap before GC invocations=13 (full 3):
 PSYoungGen      total 271360K, used 15352K [0x00000000d5f00000, 0x00000000e7e80000, 0x0000000100000000)
  eden space 256000K, 0% used [0x00000000d5f00000,0x00000000d5f00000,0x00000000e5900000)
  from space 15360K, 99% used [0x00000000e6b00000,0x00000000e79fe1e0,0x00000000e7a00000)
  to   space 18432K, 0% used [0x00000000e5900000,0x00000000e5900000,0x00000000e6b00000)
 ParOldGen       total 75776K, used 15435K [0x0000000081c00000, 0x0000000086600000, 0x00000000d5f00000)
  object space 75776K, 20% used [0x0000000081c00000,0x0000000082b12e20,0x0000000086600000)
 Metaspace       used 55729K, capacity 59122K, committed 59160K, reserved 1099776K
  class space    used 7704K, capacity 8287K, committed 8320K, reserved 1048576K
Event: 16.493 GC heap after
Heap after GC invocations=13 (full 3):
 PSYoungGen      total 271360K, used 0K [0x00000000d5f00000, 0x00000000e7e80000, 0x0000000100000000)
  eden space 256000K, 0% used [0x00000000d5f00000,0x00000000d5f00000,0x00000000e5900000)
  from space 15360K, 0% used [0x00000000e6b00000,0x00000000e6b00000,0x00000000e7a00000)
  to   space 18432K, 0% used [0x00000000e5900000,0x00000000e5900000,0x00000000e6b00000)
 ParOldGen       total 114176K, used 27933K [0x0000000081c00000, 0x0000000088b80000, 0x00000000d5f00000)
  object space 114176K, 24% used [0x0000000081c00000,0x00000000837476e0,0x0000000088b80000)
 Metaspace       used 55729K, capacity 59122K, committed 59160K, reserved 1099776K
  class space    used 7704K, capacity 8287K, committed 8320K, reserved 1048576K
}

