# JRE version: Java(TM) SE Runtime Environment (8.0_111-b14) (build 1.8.0_111-b14)
# Java VM: Java HotSpot(TM) 64-Bit Server VM (25.111-b14 mixed mode windows-amd64 compressed oops)
Heap:
 PSYoungGen      total 370688K, used 240273K [0x00000000d5f00000, 0x00000000f2b00000, 0x0000000100000000)
  eden space 352256K, 67% used [0x00000000d5f00000,0x00000000e47c0720,0x00000000eb700000)
  from space 18432K, 10% used [0x00000000eb700000,0x00000000eb8e4010,0x00000000ec900000)
  to   space 18944K, 0% used [0x00000000f1880000,0x00000000f1880000,0x00000000f2b00000)
 ParOldGen       total 111104K, used 27688K [0x0000000081c00000, 0x0000000088880000, 0x00000000d5f00000)
  object space 111104K, 24% used [0x0000000081c00000,0x000000008370a0b8,0x0000000088880000)
 Metaspace       used 72306K, capacity 77408K, committed 77696K, reserved 1116160K
  class space    used 9485K, capacity 10288K, committed 10368K, reserved 1048576K
GC Heap History (10 events):
Event: 13.349 GC heap before
{Heap before GC invocations=14 (full 3):
 PSYoungGen      total 217088K, used 9394K [0x00000000d5f00000, 0x00000000e9580000, 0x0000000100000000)
  eden space 200192K, 0% used [0x00000000d5f00000,0x00000000d5f00000,0x00000000e2280000)
  from space 16896K, 55% used [0x00000000e2280000,0x00000000e2baca90,0x00000000e3300000)
  to   space 16896K, 0% used [0x00000000e8500000,0x00000000e8500000,0x00000000e9580000)
 ParOldGen       total 87040K, used 19857K [0x0000000081c00000, 0x0000000087100000, 0x00000000d5f00000)
  object space 87040K, 22% used [0x0000000081c00000,0x0000000082f64480,0x0000000087100000)
 Metaspace       used 55729K, capacity 59122K, committed 59160K, reserved 1099776K
  class space    used 7715K, capacity 8287K, committed 8320K, reserved 1048576K
Event: 13.534 GC heap after
Heap after GC invocations=14 (full 3):
 PSYoungGen      total 217088K, used 0K [0x00000000d5f00000, 0x00000000e9580000, 0x0000000100000000)
  eden space 200192K, 0% used [0x00000000d5f00000,0x00000000d5f00000,0x00000000e2280000)
  from space 16896K, 0% used [0x00000000e2280000,0x00000000e2280000,0x00000000e3300000)
  to   space 16896K, 0% used [0x00000000e8500000,0x00000000e8500000,0x00000000e9580000)
 ParOldGen       total 111104K, used 20392K [0x0000000081c00000, 0x0000000088880000, 0x00000000d5f00000)
  object space 111104K, 18% used [0x0000000081c00000,0x0000000082fea118,0x0000000088880000)
 Metaspace       used 55729K, capacity 59122K, committed 59160K, reserved 1099776K
  class space    used 7715K, capacity 8287K, committed 8320K, reserved 1048576K
}
Event: 17.306 GC heap before
{Heap before GC invocations=15 (full 3):
 PSYoungGen      total 217088K, used 200192K [0x00000000d5f00000, 0x00000000e9580000, 0x0000000100000000)
  eden space 200192K, 100% used [0x00000000d5f00000,0x00000000e2280000,0x00000000e2280000)
  from space 16896K, 0% used [0x00000000e2280000,0x00000000e2280000,0x00000000e3300000)
  to   space 16896K, 0% used [0x00000000e8500000,0x00000000e8500000,0x00000000e9580000)
 ParOldGen       total 111104K, used 20392K [0x0000000081c00000, 0x0000000088880000, 0x00000000d5f00000)
  object space 111104K, 18% used [0x0000000081c00000,0x0000000082fea118,0x0000000088880000)
 Metaspace       used 66383K, capacity 70696K, committed 70784K, reserved 1110016K
  class space    used 9137K, capacity 9814K, committed 9856K, reserved 1048576K
Event: 17.328 GC heap after
Heap after GC invocations=15 (full 3):
 PSYoungGen      total 285184K, used 15072K [0x00000000d5f00000, 0x00000000e9400000, 0x0000000100000000)
  eden space 269824K, 0% used [0x00000000d5f00000,0x00000000d5f00000,0x00000000e6680000)
  from space 15360K, 98% used [0x00000000e8500000,0x00000000e93b8290,0x00000000e9400000)
  to   space 18432K, 0% used [0x00000000e7000000,0x00000000e7000000,0x00000000e8200000)
 ParOldGen       total 111104K, used 20400K [0x0000000081c00000, 0x0000000088880000, 0x00000000d5f00000)
  object space 111104K, 18% used [0x0000000081c00000,0x0000000082fec118,0x0000000088880000)
 Metaspace       used 66383K, capacity 70696K, committed 70784K, reserved 1110016K
  class space    used 9137K, capacity 9814K, committed 9856K, reserved 1048576K
}
Event: 40.433 GC heap before
{Heap before GC invocations=16 (full 3):
 PSYoungGen      total 285184K, used 284896K [0x00000000d5f00000, 0x00000000e9400000, 0x0000000100000000)
  eden space 269824K, 100% used [0x00000000d5f00000,0x00000000e6680000,0x00000000e6680000)
  from space 15360K, 98% used [0x00000000e8500000,0x00000000e93b8290,0x00000000e9400000)
  to   space 18432K, 0% used [0x00000000e7000000,0x00000000e7000000,0x00000000e8200000)
 ParOldGen       total 111104K, used 20400K [0x0000000081c00000, 0x0000000088880000, 0x00000000d5f00000)
  object space 111104K, 18% used [0x0000000081c00000,0x0000000082fec118,0x0000000088880000)
 Metaspace       used 72206K, capacity 77194K, committed 77440K, reserved 1116160K
  class space    used 9465K, capacity 10263K, committed 10368K, reserved 1048576K
Event: 40.457 GC heap after
Heap after GC invocations=16 (full 3):
 PSYoungGen      total 297984K, used 11102K [0x00000000d5f00000, 0x00000000edb00000, 0x0000000100000000)
  eden space 279552K, 0% used [0x00000000d5f00000,0x00000000d5f00000,0x00000000e7000000)
  from space 18432K, 60% used [0x00000000e7000000,0x00000000e7ad7810,0x00000000e8200000)
  to   space 18432K, 0% used [0x00000000ec900000,0x00000000ec900000,0x00000000edb00000)
 ParOldGen       total 111104K, used 20416K [0x0000000081c00000, 0x0000000088880000, 0x00000000d5f00000)
  object space 111104K, 18% used [0x0000000081c00000,0x0000000082ff0118,0x0000000088880000)
 Metaspace       used 72206K, capacity 77194K, committed 77440K, reserved 1116160K
  class space    used 9465K, capacity 10263K, committed 10368K, reserved 1048576K
}
Event: 48.417 GC heap before
{Heap before GC invocations=17 (full 3):
 PSYoungGen      total 297984K, used 290654K [0x00000000d5f00000, 0x00000000edb00000, 0x0000000100000000)
  eden space 279552K, 100% used [0x00000000d5f00000,0x00000000e7000000,0x00000000e7000000)
  from space 18432K, 60% used [0x00000000e7000000,0x00000000e7ad7810,0x00000000e8200000)
  to   space 18432K, 0% used [0x00000000ec900000,0x00000000ec900000,0x00000000edb00000)
 ParOldGen       total 111104K, used 20416K [0x0000000081c00000, 0x0000000088880000, 0x00000000d5f00000)
  object space 111104K, 18% used [0x0000000081c00000,0x0000000082ff0118,0x0000000088880000)
 Metaspace       used 72243K, capacity 77258K, committed 77440K, reserved 1116160K
  class space    used 9468K, capacity 10263K, committed 10368K, reserved 1048576K
Event: 48.435 GC heap after
Heap after GC invocations=17 (full 3):
 PSYoungGen      total 370688K, used 1840K [0x00000000d5f00000, 0x00000000edd00000, 0x0000000100000000)
  eden space 352256K, 0% used [0x00000000d5f00000,0x00000000d5f00000,0x00000000eb700000)
  from space 18432K, 9% used [0x00000000ec900000,0x00000000ecacc010,0x00000000edb00000)
  to   space 18432K, 0% used [0x00000000eb700000,0x00000000eb700000,0x00000000ec900000)
 ParOldGen       total 111104K, used 27680K [0x0000000081c00000, 0x0000000088880000, 0x00000000d5f00000)
  object space 111104K, 24% used [0x0000000081c00000,0x00000000837080b8,0x0000000088880000)
 Metaspace       used 72243K, capacity 77258K, committed 77440K, reserved 1116160K
  class space    used 9468K, capacity 10263K, committed 10368K, reserved 1048576K
}
Event: 57.375 GC heap before
{Heap before GC invocations=18 (full 3):
 PSYoungGen      total 370688K, used 354096K [0x00000000d5f00000, 0x00000000edd00000, 0x0000000100000000)
  eden space 352256K, 100% used [0x00000000d5f00000,0x00000000eb700000,0x00000000eb700000)
  from space 18432K, 9% used [0x00000000ec900000,0x00000000ecacc010,0x00000000edb00000)
  to   space 18432K, 0% used [0x00000000eb700000,0x00000000eb700000,0x00000000ec900000)
 ParOldGen       total 111104K, used 27680K [0x0000000081c00000, 0x0000000088880000, 0x00000000d5f00000)
  object space 111104K, 24% used [0x0000000081c00000,0x00000000837080b8,0x0000000088880000)
 Metaspace       used 72296K, capacity 77408K, committed 77696K, reserved 1116160K
  class space    used 9483K, capacity 10288K, committed 10368K, reserved 1048576K
Event: 57.392 GC heap after
Heap after GC invocations=18 (full 3):
 PSYoungGen      total 370688K, used 1936K [0x00000000d5f00000, 0x00000000f2b00000, 0x0000000100000000)
  eden space 352256K, 0% used [0x00000000d5f00000,0x00000000d5f00000,0x00000000eb700000)
  from space 18432K, 10% used [0x00000000eb700000,0x00000000eb8e4010,0x00000000ec900000)
  to   space 18944K, 0% used [0x00000000f1880000,0x00000000f1880000,0x00000000f2b00000)
 ParOldGen       total 111104K, used 27688K [0x0000000081c00000, 0x0000000088880000, 0x00000000d5f00000)
  object space 111104K, 24% used [0x0000000081c00000,0x000000008370a0b8,0x0000000088880000)
 Metaspace       used 72296K, capacity 77408K, committed 77696K, reserved 1116160K
  class space    used 9483K, capacity 10288K, committed 10368K, reserved 1048576K
}

