# JRE version: Java(TM) SE Runtime Environment (8.0_111-b14) (build 1.8.0_111-b14)
# Java VM: Java HotSpot(TM) 64-Bit Server VM (25.111-b14 mixed mode windows-amd64 compressed oops)
Heap:
 PSYoungGen      total 256000K, used 175944K [0x00000000d5f00000, 0x00000000e7d80000, 0x0000000100000000)
  eden space 241152K, 66% used [0x00000000d5f00000,0x00000000dfc74f88,0x00000000e4a80000)
  from space 14848K, 99% used [0x00000000e6f00000,0x00000000e7d5d358,0x00000000e7d80000)
  to   space 17920K, 0% used [0x00000000e5a80000,0x00000000e5a80000,0x00000000e6c00000)
 ParOldGen       total 120832K, used 20904K [0x0000000081c00000, 0x0000000089200000, 0x00000000d5f00000)
  object space 120832K, 17% used [0x0000000081c00000,0x000000008306a180,0x0000000089200000)
 Metaspace       used 70791K, capacity 75720K, committed 76032K, reserved 1116160K
  class space    used 9385K, capacity 10144K, committed 10240K, reserved 1048576K
GC Heap History (10 events):
Event: 8.425 GC heap before
{Heap before GC invocations=11 (full 2):
 PSYoungGen      total 164352K, used 152064K [0x00000000d5f00000, 0x00000000e3000000, 0x0000000100000000)
  eden space 152064K, 100% used [0x00000000d5f00000,0x00000000df380000,0x00000000df380000)
  from space 12288K, 0% used [0x00000000e0000000,0x00000000e0000000,0x00000000e0c00000)
  to   space 12800K, 0% used [0x00000000df380000,0x00000000df380000,0x00000000e0000000)
 ParOldGen       total 88576K, used 13585K [0x0000000081c00000, 0x0000000087280000, 0x00000000d5f00000)
  object space 88576K, 15% used [0x0000000081c00000,0x00000000829444a0,0x0000000087280000)
 Metaspace       used 39016K, capacity 41484K, committed 41728K, reserved 1085440K
  class space    used 5361K, capacity 5804K, committed 5888K, reserved 1048576K
Event: 8.433 GC heap after
Heap after GC invocations=11 (full 2):
 PSYoungGen      total 164864K, used 7472K [0x00000000d5f00000, 0x00000000e3600000, 0x0000000100000000)
  eden space 152064K, 0% used [0x00000000d5f00000,0x00000000d5f00000,0x00000000df380000)
  from space 12800K, 58% used [0x00000000df380000,0x00000000dfacc380,0x00000000e0000000)
  to   space 12800K, 0% used [0x00000000e2980000,0x00000000e2980000,0x00000000e3600000)
 ParOldGen       total 88576K, used 13593K [0x0000000081c00000, 0x0000000087280000, 0x00000000d5f00000)
  object space 88576K, 15% used [0x0000000081c00000,0x00000000829464a0,0x0000000087280000)
 Metaspace       used 39016K, capacity 41484K, committed 41728K, reserved 1085440K
  class space    used 5361K, capacity 5804K, committed 5888K, reserved 1048576K
}
Event: 10.931 GC heap before
{Heap before GC invocations=12 (full 2):
 PSYoungGen      total 164864K, used 159536K [0x00000000d5f00000, 0x00000000e3600000, 0x0000000100000000)
  eden space 152064K, 100% used [0x00000000d5f00000,0x00000000df380000,0x00000000df380000)
  from space 12800K, 58% used [0x00000000df380000,0x00000000dfacc380,0x00000000e0000000)
  to   space 12800K, 0% used [0x00000000e2980000,0x00000000e2980000,0x00000000e3600000)
 ParOldGen       total 88576K, used 13593K [0x0000000081c00000, 0x0000000087280000, 0x00000000d5f00000)
  object space 88576K, 15% used [0x0000000081c00000,0x00000000829464a0,0x0000000087280000)
 Metaspace       used 54171K, capacity 56980K, committed 57088K, reserved 1097728K
  class space    used 7442K, capacity 7920K, committed 7936K, reserved 1048576K
Event: 10.961 GC heap after
Heap after GC invocations=12 (full 2):
 PSYoungGen      total 203776K, used 12781K [0x00000000d5f00000, 0x00000000e3c80000, 0x0000000100000000)
  eden space 190976K, 0% used [0x00000000d5f00000,0x00000000d5f00000,0x00000000e1980000)
  from space 12800K, 99% used [0x00000000e2980000,0x00000000e35fb4f8,0x00000000e3600000)
  to   space 16384K, 0% used [0x00000000e1980000,0x00000000e1980000,0x00000000e2980000)
 ParOldGen       total 88576K, used 19525K [0x0000000081c00000, 0x0000000087280000, 0x00000000d5f00000)
  object space 88576K, 22% used [0x0000000081c00000,0x0000000082f115b8,0x0000000087280000)
 Metaspace       used 54171K, capacity 56980K, committed 57088K, reserved 1097728K
  class space    used 7442K, capacity 7920K, committed 7936K, reserved 1048576K
}
Event: 11.348 GC heap before
{Heap before GC invocations=13 (full 2):
 PSYoungGen      total 203776K, used 35416K [0x00000000d5f00000, 0x00000000e3c80000, 0x0000000100000000)
  eden space 190976K, 11% used [0x00000000d5f00000,0x00000000d751aea0,0x00000000e1980000)
  from space 12800K, 99% used [0x00000000e2980000,0x00000000e35fb4f8,0x00000000e3600000)
  to   space 16384K, 0% used [0x00000000e1980000,0x00000000e1980000,0x00000000e2980000)
 ParOldGen       total 88576K, used 19525K [0x0000000081c00000, 0x0000000087280000, 0x00000000d5f00000)
  object space 88576K, 22% used [0x0000000081c00000,0x0000000082f115b8,0x0000000087280000)
 Metaspace       used 55726K, capacity 59122K, committed 59160K, reserved 1099776K
  class space    used 7706K, capacity 8287K, committed 8320K, reserved 1048576K
Event: 11.373 GC heap after
Heap after GC invocations=13 (full 2):
 PSYoungGen      total 207360K, used 9885K [0x00000000d5f00000, 0x00000000e7f00000, 0x0000000100000000)
  eden space 190976K, 0% used [0x00000000d5f00000,0x00000000d5f00000,0x00000000e1980000)
  from space 16384K, 60% used [0x00000000e1980000,0x00000000e2327440,0x00000000e2980000)
  to   space 16384K, 0% used [0x00000000e6f00000,0x00000000e6f00000,0x00000000e7f00000)
 ParOldGen       total 88576K, used 19533K [0x0000000081c00000, 0x0000000087280000, 0x00000000d5f00000)
  object space 88576K, 22% used [0x0000000081c00000,0x0000000082f135b8,0x0000000087280000)
 Metaspace       used 55726K, capacity 59122K, committed 59160K, reserved 1099776K
  class space    used 7706K, capacity 8287K, committed 8320K, reserved 1048576K
}
Event: 11.373 GC heap before
{Heap before GC invocations=14 (full 3):
 PSYoungGen      total 207360K, used 9885K [0x00000000d5f00000, 0x00000000e7f00000, 0x0000000100000000)
  eden space 190976K, 0% used [0x00000000d5f00000,0x00000000d5f00000,0x00000000e1980000)
  from space 16384K, 60% used [0x00000000e1980000,0x00000000e2327440,0x00000000e2980000)
  to   space 16384K, 0% used [0x00000000e6f00000,0x00000000e6f00000,0x00000000e7f00000)
 ParOldGen       total 88576K, used 19533K [0x0000000081c00000, 0x0000000087280000, 0x00000000d5f00000)
  object space 88576K, 22% used [0x0000000081c00000,0x0000000082f135b8,0x0000000087280000)
 Metaspace       used 55726K, capacity 59122K, committed 59160K, reserved 1099776K
  class space    used 7706K, capacity 8287K, committed 8320K, reserved 1048576K
Event: 11.621 GC heap after
Heap after GC invocations=14 (full 3):
 PSYoungGen      total 207360K, used 0K [0x00000000d5f00000, 0x00000000e7f00000, 0x0000000100000000)
  eden space 190976K, 0% used [0x00000000d5f00000,0x00000000d5f00000,0x00000000e1980000)
  from space 16384K, 0% used [0x00000000e1980000,0x00000000e1980000,0x00000000e2980000)
  to   space 16384K, 0% used [0x00000000e6f00000,0x00000000e6f00000,0x00000000e7f00000)
 ParOldGen       total 120832K, used 20896K [0x0000000081c00000, 0x0000000089200000, 0x00000000d5f00000)
  object space 120832K, 17% used [0x0000000081c00000,0x0000000083068180,0x0000000089200000)
 Metaspace       used 55726K, capacity 59122K, committed 59160K, reserved 1099776K
  class space    used 7706K, capacity 8287K, committed 8320K, reserved 1048576K
}
Event: 14.045 GC heap before
{Heap before GC invocations=15 (full 3):
 PSYoungGen      total 207360K, used 190976K [0x00000000d5f00000, 0x00000000e7f00000, 0x0000000100000000)
  eden space 190976K, 100% used [0x00000000d5f00000,0x00000000e1980000,0x00000000e1980000)
  from space 16384K, 0% used [0x00000000e1980000,0x00000000e1980000,0x00000000e2980000)
  to   space 16384K, 0% used [0x00000000e6f00000,0x00000000e6f00000,0x00000000e7f00000)
 ParOldGen       total 120832K, used 20896K [0x0000000081c00000, 0x0000000089200000, 0x00000000d5f00000)
  object space 120832K, 17% used [0x0000000081c00000,0x0000000083068180,0x0000000089200000)
 Metaspace       used 65926K, capacity 70248K, committed 70528K, reserved 1110016K
  class space    used 9061K, capacity 9764K, committed 9856K, reserved 1048576K
Event: 14.094 GC heap after
Heap after GC invocations=15 (full 3):
 PSYoungGen      total 256000K, used 14708K [0x00000000d5f00000, 0x00000000e7d80000, 0x0000000100000000)
  eden space 241152K, 0% used [0x00000000d5f00000,0x00000000d5f00000,0x00000000e4a80000)
  from space 14848K, 99% used [0x00000000e6f00000,0x00000000e7d5d358,0x00000000e7d80000)
  to   space 17920K, 0% used [0x00000000e5a80000,0x00000000e5a80000,0x00000000e6c00000)
 ParOldGen       total 120832K, used 20904K [0x0000000081c00000, 0x0000000089200000, 0x00000000d5f00000)
  object space 120832K, 17% used [0x0000000081c00000,0x000000008306a180,0x0000000089200000)
 Metaspace       used 65926K, capacity 70248K, committed 70528K, reserved 1110016K
  class space    used 9061K, capacity 9764K, committed 9856K, reserved 1048576K
}

